TN:
SF:lib/gh-act.cmd.js
FN:55,parseCmdLine
FN:224,getHelp
FN:259,getError
FN:323,getEvents
FNDA:57,parseCmdLine
FNDA:2,getHelp
FNDA:12,getError
FNDA:5,getEvents
FNF:4
FNH:4
BRDA:1,0,0,57
BRDA:55,1,0,57
BRDA:64,2,0,18
BRDA:83,3,0,10
BRDA:151,4,0,6
BRDA:87,5,0,2
BRDA:102,6,0,2
BRDA:90,7,0,1
BRDA:112,8,0,1
BRDA:155,9,0,1
BRDA:197,10,0,1
BRDA:76,11,0,17
BRDA:224,12,0,2
BRDA:259,13,0,12
BRDA:323,14,0,5
BRF:15
BRH:15
DA:1,57
DA:2,57
DA:3,57
DA:4,57
DA:5,57
DA:6,57
DA:7,57
DA:8,57
DA:9,57
DA:10,57
DA:11,57
DA:12,57
DA:13,57
DA:14,57
DA:15,57
DA:16,57
DA:17,57
DA:18,57
DA:19,57
DA:20,57
DA:21,57
DA:22,57
DA:23,57
DA:24,57
DA:25,57
DA:26,57
DA:27,57
DA:28,57
DA:29,57
DA:30,57
DA:31,57
DA:32,57
DA:33,57
DA:34,57
DA:35,57
DA:36,57
DA:37,57
DA:38,57
DA:39,57
DA:40,57
DA:41,57
DA:42,57
DA:43,57
DA:44,57
DA:45,57
DA:46,57
DA:47,57
DA:48,57
DA:49,57
DA:50,57
DA:51,57
DA:52,57
DA:53,57
DA:54,57
DA:55,57
DA:56,57
DA:57,57
DA:58,57
DA:59,57
DA:60,57
DA:61,57
DA:62,57
DA:63,57
DA:64,57
DA:65,18
DA:66,18
DA:67,18
DA:68,18
DA:69,18
DA:70,18
DA:71,18
DA:72,18
DA:73,18
DA:74,18
DA:75,18
DA:76,18
DA:77,17
DA:78,17
DA:79,17
DA:80,18
DA:81,18
DA:82,18
DA:83,18
DA:84,10
DA:85,10
DA:86,10
DA:87,10
DA:88,2
DA:89,2
DA:90,10
DA:91,1
DA:92,1
DA:93,10
DA:94,10
DA:95,10
DA:96,10
DA:97,10
DA:98,10
DA:99,10
DA:100,10
DA:101,10
DA:102,10
DA:103,2
DA:104,2
DA:105,10
DA:106,10
DA:107,10
DA:108,10
DA:109,10
DA:110,10
DA:111,10
DA:112,10
DA:113,1
DA:114,1
DA:115,1
DA:116,1
DA:117,1
DA:118,1
DA:119,1
DA:120,1
DA:121,1
DA:122,1
DA:123,1
DA:124,1
DA:125,1
DA:126,1
DA:127,1
DA:128,1
DA:129,1
DA:130,1
DA:131,1
DA:132,1
DA:133,1
DA:134,1
DA:135,1
DA:136,1
DA:137,1
DA:138,1
DA:139,1
DA:140,1
DA:141,1
DA:142,1
DA:143,1
DA:144,1
DA:145,1
DA:146,1
DA:147,1
DA:148,1
DA:149,1
DA:150,10
DA:151,10
DA:152,6
DA:153,6
DA:154,6
DA:155,6
DA:156,1
DA:157,1
DA:158,1
DA:159,1
DA:160,1
DA:161,1
DA:162,1
DA:163,1
DA:164,1
DA:165,1
DA:166,1
DA:167,1
DA:168,1
DA:169,1
DA:170,1
DA:171,1
DA:172,1
DA:173,1
DA:174,1
DA:175,1
DA:176,1
DA:177,1
DA:178,1
DA:179,1
DA:180,1
DA:181,1
DA:182,1
DA:183,1
DA:184,1
DA:185,1
DA:186,1
DA:187,1
DA:188,1
DA:189,1
DA:190,1
DA:191,1
DA:192,1
DA:193,1
DA:194,1
DA:195,1
DA:196,1
DA:197,1
DA:198,1
DA:199,1
DA:200,1
DA:201,1
DA:202,1
DA:203,1
DA:204,1
DA:205,1
DA:206,18
DA:207,57
DA:208,57
DA:209,57
DA:210,57
DA:211,57
DA:212,57
DA:213,57
DA:214,57
DA:215,57
DA:216,57
DA:217,57
DA:218,57
DA:219,57
DA:220,57
DA:221,57
DA:222,57
DA:223,57
DA:224,2
DA:225,2
DA:226,2
DA:227,2
DA:228,2
DA:229,2
DA:230,2
DA:231,2
DA:232,2
DA:233,2
DA:234,2
DA:235,2
DA:236,2
DA:237,2
DA:238,2
DA:239,2
DA:240,2
DA:241,2
DA:242,2
DA:243,2
DA:244,2
DA:245,2
DA:246,57
DA:247,57
DA:248,57
DA:249,57
DA:250,57
DA:251,57
DA:252,57
DA:253,57
DA:254,57
DA:255,57
DA:256,57
DA:257,57
DA:258,57
DA:259,57
DA:260,12
DA:261,12
DA:262,12
DA:263,12
DA:264,12
DA:265,12
DA:266,12
DA:267,12
DA:268,12
DA:269,12
DA:270,12
DA:271,12
DA:272,12
DA:273,12
DA:274,12
DA:275,12
DA:276,12
DA:277,12
DA:278,12
DA:279,12
DA:280,12
DA:281,12
DA:282,12
DA:283,12
DA:284,12
DA:285,12
DA:286,12
DA:287,12
DA:288,12
DA:289,12
DA:290,12
DA:291,12
DA:292,12
DA:293,12
DA:294,12
DA:295,12
DA:296,12
DA:297,12
DA:298,12
DA:299,12
DA:300,12
DA:301,12
DA:302,12
DA:303,12
DA:304,12
DA:305,12
DA:306,12
DA:307,12
DA:308,12
DA:309,12
DA:310,57
DA:311,57
DA:312,57
DA:313,57
DA:314,57
DA:315,57
DA:316,57
DA:317,57
DA:318,57
DA:319,57
DA:320,57
DA:321,57
DA:322,57
DA:323,57
DA:324,5
DA:325,5
DA:326,5
DA:327,5
DA:328,5
DA:329,5
DA:330,5
DA:331,5
DA:332,5
DA:333,5
DA:334,5
DA:335,5
DA:336,5
DA:337,5
DA:338,5
DA:339,5
DA:340,5
DA:341,5
DA:342,5
DA:343,5
DA:344,5
DA:345,5
LH:345
LF:345
end_of_record
SF:lib/gh-act.js
FN:43,anonymous_0
FN:96,anonymous_1
FN:115,processCmd
FN:266,requestAPI
FN:268,anonymous_4
FN:279,anonymous_5
FN:283,anonymous_6
FN:283,anonymous_7
FN:291,anonymous_8
FN:292,anonymous_9
FN:327,logRequestHeaders
FN:369,logResponse
FN:393,output
FN:400,anonymous_13
FN:410,anonymous_14
FN:418,anonymous_15
FN:422,anonymous_16
FN:430,anonymous_17
FN:335,anonymous_18
FNDA:57,anonymous_0
FNDA:4,anonymous_1
FNDA:22,processCmd
FNDA:44,requestAPI
FNDA:44,anonymous_4
FNDA:44,anonymous_5
FNDA:44,anonymous_6
FNDA:44,anonymous_7
FNDA:395,anonymous_8
FNDA:44,anonymous_9
FNDA:2,logRequestHeaders
FNDA:53,logResponse
FNDA:4,output
FNDA:0,anonymous_13
FNDA:0,anonymous_14
FNDA:0,anonymous_15
FNDA:0,anonymous_16
FNDA:120,anonymous_17
FNDA:0,anonymous_18
FNF:19
FNH:14
BRDA:1,0,0,57
BRDA:43,1,0,57
BRDA:51,2,0,0
BRDA:55,3,0,0
BRDA:96,4,0,4
BRDA:115,5,0,22
BRDA:130,6,0,0
BRDA:140,7,0,0
BRDA:150,8,0,0
BRDA:160,9,0,0
BRDA:166,10,0,0
BRDA:215,11,0,0
BRDA:218,12,0,0
BRDA:228,13,0,0
BRDA:243,14,0,0
BRDA:266,15,0,44
BRDA:268,16,0,44
BRDA:277,17,0,6
BRDA:279,18,0,44
BRDA:283,19,0,44
BRDA:283,20,0,44
BRDA:288,21,0,16
BRDA:291,22,0,395
BRDA:292,23,0,44
BRDA:297,24,0,8
BRDA:297,25,0,7
BRDA:299,26,0,16
BRDA:301,27,0,8
BRDA:308,28,0,10
BRDA:308,29,0,5
BRDA:308,30,0,6
BRDA:327,31,0,2
BRDA:333,32,0,0
BRDA:338,33,0,0
BRDA:354,34,0,0
BRDA:369,35,0,2
BRDA:371,36,0,0
BRDA:374,37,0,53
BRDA:374,38,0,0
BRDA:376,39,0,0
BRDA:377,40,0,0
BRDA:378,41,0,0
BRDA:393,42,0,4
BRDA:399,43,0,0
BRDA:403,44,0,0
BRDA:407,45,0,0
BRDA:421,46,0,0
BRDA:426,47,0,0
BRDA:430,48,0,120
BRF:49
BRH:25
DA:1,57
DA:2,57
DA:3,57
DA:4,57
DA:5,57
DA:6,57
DA:7,57
DA:8,57
DA:9,57
DA:10,57
DA:11,57
DA:12,57
DA:13,57
DA:14,57
DA:15,57
DA:16,57
DA:17,57
DA:18,57
DA:19,57
DA:20,57
DA:21,57
DA:22,57
DA:23,57
DA:24,57
DA:25,57
DA:26,57
DA:27,57
DA:28,57
DA:29,57
DA:30,57
DA:31,57
DA:32,57
DA:33,57
DA:34,57
DA:35,57
DA:36,57
DA:37,57
DA:38,57
DA:39,57
DA:40,57
DA:41,57
DA:42,57
DA:43,57
DA:44,57
DA:45,57
DA:46,57
DA:47,57
DA:48,57
DA:49,57
DA:50,57
DA:51,57
DA:52,57
DA:53,57
DA:54,57
DA:55,57
DA:56,0
DA:57,0
DA:58,0
DA:59,57
DA:60,57
DA:61,57
DA:62,57
DA:63,57
DA:64,57
DA:65,57
DA:66,57
DA:67,57
DA:68,57
DA:69,57
DA:70,57
DA:71,57
DA:72,57
DA:73,57
DA:74,57
DA:75,57
DA:76,57
DA:77,57
DA:78,57
DA:79,57
DA:80,57
DA:81,57
DA:82,57
DA:83,57
DA:84,57
DA:85,57
DA:86,57
DA:87,57
DA:88,57
DA:89,57
DA:90,57
DA:91,57
DA:92,57
DA:93,57
DA:94,57
DA:95,57
DA:96,57
DA:97,4
DA:98,57
DA:99,57
DA:100,57
DA:101,57
DA:102,57
DA:103,57
DA:104,57
DA:105,57
DA:106,57
DA:107,57
DA:108,57
DA:109,57
DA:110,57
DA:111,57
DA:112,57
DA:113,57
DA:114,57
DA:115,22
DA:116,22
DA:117,22
DA:118,22
DA:119,22
DA:120,22
DA:121,22
DA:122,22
DA:123,22
DA:124,22
DA:125,22
DA:126,22
DA:127,22
DA:128,22
DA:129,22
DA:130,22
DA:131,0
DA:132,0
DA:133,22
DA:134,22
DA:135,22
DA:136,22
DA:137,22
DA:138,22
DA:139,22
DA:140,22
DA:141,0
DA:142,0
DA:143,0
DA:144,0
DA:145,22
DA:146,22
DA:147,22
DA:148,22
DA:149,22
DA:150,22
DA:151,0
DA:152,0
DA:153,22
DA:154,22
DA:155,22
DA:156,22
DA:157,22
DA:158,22
DA:159,22
DA:160,22
DA:161,0
DA:162,0
DA:163,0
DA:164,0
DA:165,22
DA:166,22
DA:167,0
DA:168,0
DA:169,0
DA:170,0
DA:171,0
DA:172,22
DA:173,22
DA:174,22
DA:175,22
DA:176,22
DA:177,22
DA:178,22
DA:179,22
DA:180,22
DA:181,22
DA:182,22
DA:183,22
DA:184,22
DA:185,22
DA:186,22
DA:187,22
DA:188,22
DA:189,22
DA:190,22
DA:191,22
DA:192,22
DA:193,22
DA:194,22
DA:195,22
DA:196,22
DA:197,22
DA:198,22
DA:199,22
DA:200,22
DA:201,22
DA:202,22
DA:203,22
DA:204,22
DA:205,22
DA:206,22
DA:207,22
DA:208,22
DA:209,22
DA:210,22
DA:211,22
DA:212,22
DA:213,22
DA:214,22
DA:215,22
DA:216,22
DA:217,22
DA:218,22
DA:219,0
DA:220,0
DA:221,22
DA:222,22
DA:223,22
DA:224,22
DA:225,22
DA:226,22
DA:227,22
DA:228,22
DA:229,0
DA:230,0
DA:231,0
DA:232,0
DA:233,0
DA:234,22
DA:235,22
DA:236,22
DA:237,22
DA:238,22
DA:239,22
DA:240,22
DA:241,22
DA:242,22
DA:243,22
DA:244,0
DA:245,0
DA:246,0
DA:247,22
DA:248,22
DA:249,22
DA:250,22
DA:251,57
DA:252,57
DA:253,57
DA:254,57
DA:255,57
DA:256,57
DA:257,57
DA:258,57
DA:259,57
DA:260,57
DA:261,57
DA:262,57
DA:263,57
DA:264,57
DA:265,57
DA:266,44
DA:267,44
DA:268,44
DA:269,44
DA:270,44
DA:271,44
DA:272,44
DA:273,44
DA:274,44
DA:275,44
DA:276,44
DA:277,44
DA:278,44
DA:279,44
DA:280,44
DA:281,44
DA:282,44
DA:283,44
DA:284,44
DA:285,44
DA:286,44
DA:287,44
DA:288,44
DA:289,44
DA:290,44
DA:291,44
DA:292,44
DA:293,44
DA:294,44
DA:295,44
DA:296,44
DA:297,44
DA:298,44
DA:299,44
DA:300,16
DA:301,16
DA:302,8
DA:303,8
DA:304,8
DA:305,16
DA:306,44
DA:307,44
DA:308,44
DA:309,6
DA:310,6
DA:311,44
DA:312,44
DA:313,44
DA:314,57
DA:315,57
DA:316,57
DA:317,57
DA:318,57
DA:319,57
DA:320,57
DA:321,57
DA:322,57
DA:323,57
DA:324,57
DA:325,57
DA:326,57
DA:327,2
DA:328,2
DA:329,2
DA:330,2
DA:331,2
DA:332,2
DA:333,2
DA:334,0
DA:335,0
DA:336,0
DA:337,0
DA:338,2
DA:339,0
DA:340,0
DA:341,0
DA:342,0
DA:343,0
DA:344,0
DA:345,0
DA:346,0
DA:347,0
DA:348,0
DA:349,0
DA:350,0
DA:351,0
DA:352,0
DA:353,2
DA:354,2
DA:355,2
DA:356,57
DA:357,57
DA:358,57
DA:359,57
DA:360,57
DA:361,57
DA:362,57
DA:363,57
DA:364,57
DA:365,57
DA:366,57
DA:367,57
DA:368,57
DA:369,2
DA:370,2
DA:371,2
DA:372,2
DA:373,2
DA:374,2
DA:375,2
DA:376,2
DA:377,2
DA:378,2
DA:379,2
DA:380,57
DA:381,57
DA:382,57
DA:383,57
DA:384,57
DA:385,57
DA:386,57
DA:387,57
DA:388,57
DA:389,57
DA:390,57
DA:391,57
DA:392,57
DA:393,4
DA:394,4
DA:395,4
DA:396,4
DA:397,4
DA:398,4
DA:399,4
DA:400,0
DA:401,0
DA:402,4
DA:403,4
DA:404,0
DA:405,0
DA:406,4
DA:407,4
DA:408,0
DA:409,0
DA:410,0
DA:411,0
DA:412,0
DA:413,0
DA:414,0
DA:415,0
DA:416,0
DA:417,0
DA:418,0
DA:419,0
DA:420,4
DA:421,4
DA:422,0
DA:423,0
DA:424,4
DA:425,4
DA:426,4
DA:427,0
DA:428,0
DA:429,4
DA:430,4
DA:431,4
DA:432,4
DA:433,4
LH:365
LF:433
end_of_record
SF:lib/gh-event.js
FN:13,anonymous_0
FN:17,anonymous_1
FN:21,anonymous_2
FN:44,GitHubEvent
FN:78,get phrase
FN:120,_toCamelCase
FNDA:59,anonymous_0
FNDA:2,anonymous_1
FNDA:2,anonymous_2
FNDA:122,GitHubEvent
FNDA:122,get phrase
FNDA:12,_toCamelCase
FNF:6
FNH:6
BRDA:1,0,0,59
BRDA:13,1,0,59
BRDA:17,2,0,2
BRDA:21,3,0,2
BRDA:44,4,0,122
BRDA:78,5,0,122
BRDA:83,6,0,10
BRDA:84,7,0,2
BRDA:84,8,0,4
BRDA:107,9,0,80
BRDA:109,10,0,2
BRDA:85,11,0,2
BRDA:87,12,0,4
BRDA:91,13,0,6
BRDA:99,14,0,4
BRDA:108,15,0,26
BRDA:108,16,0,2
BRDA:113,17,0,12
BRDA:81,18,0,0
BRDA:89,19,0,0
BRDA:93,20,0,0
BRDA:95,21,0,0
BRDA:97,22,0,0
BRDA:101,23,0,0
BRDA:103,24,0,0
BRDA:105,25,0,0
BRDA:111,26,0,0
BRDA:115,27,0,0
BRDA:120,28,0,12
BRF:29
BRH:19
DA:1,59
DA:2,59
DA:3,59
DA:4,59
DA:5,59
DA:6,59
DA:7,59
DA:8,59
DA:9,59
DA:10,59
DA:11,59
DA:12,59
DA:13,59
DA:14,59
DA:15,59
DA:16,59
DA:17,59
DA:18,2
DA:19,59
DA:20,59
DA:21,59
DA:22,2
DA:23,2
DA:24,59
DA:25,59
DA:26,59
DA:27,59
DA:28,59
DA:29,59
DA:30,59
DA:31,59
DA:32,59
DA:33,59
DA:34,59
DA:35,59
DA:36,59
DA:37,59
DA:38,59
DA:39,59
DA:40,59
DA:41,59
DA:42,59
DA:43,59
DA:44,59
DA:45,122
DA:46,122
DA:47,122
DA:48,122
DA:49,122
DA:50,122
DA:51,122
DA:52,122
DA:53,122
DA:54,122
DA:55,122
DA:56,122
DA:57,122
DA:58,122
DA:59,122
DA:60,122
DA:61,122
DA:62,122
DA:63,122
DA:64,122
DA:65,122
DA:66,122
DA:67,122
DA:68,122
DA:69,122
DA:70,59
DA:71,59
DA:72,59
DA:73,59
DA:74,59
DA:75,59
DA:76,59
DA:77,59
DA:78,59
DA:79,122
DA:80,122
DA:81,122
DA:82,0
DA:83,122
DA:84,10
DA:85,122
DA:86,2
DA:87,122
DA:88,4
DA:89,122
DA:90,0
DA:91,122
DA:92,6
DA:93,122
DA:94,0
DA:95,122
DA:96,0
DA:97,122
DA:98,0
DA:99,122
DA:100,4
DA:101,122
DA:102,0
DA:103,122
DA:104,0
DA:105,122
DA:106,0
DA:107,122
DA:108,80
DA:109,122
DA:110,2
DA:111,122
DA:112,0
DA:113,122
DA:114,12
DA:115,122
DA:116,0
DA:117,122
DA:118,122
DA:119,59
DA:120,59
DA:121,12
DA:122,12
DA:123,59
LH:113
LF:123
end_of_record
SF:test/gh-act.test.js
FN:81,anonymous_0
FN:88,anonymous_1
FN:93,anonymous_2
FN:117,loadTestData
FN:227,cmdData.run_after
FN:533,cmdData.run_before.cmdData.run_after
FN:554,cmdData.run_before.cmdData.run_after
FN:577,cmdData.run_before.cmdData.run_after
FN:601,cmdData.run_before.cmdData.run_after
FN:622,cmdData.run_before
FN:625,cmdData.run_after
FN:646,cmdData.run_before
FN:649,cmdData.run_after
FN:674,cmdData.run_before.cmdData.run_after
FN:695,cmdData.run_before.cmdData.run_after
FN:716,cmdData.run_before
FN:719,cmdData.run_after
FN:740,cmdData.run_before
FN:743,cmdData.run_after
FN:897,nodeRunner
FN:900,anonymous_20
FN:902,anonymous_21
FN:927,defRunner
FN:968,makeTest
FN:1032,getCmdOutput
FN:1036,anonymous_25
FN:1038,anonymous_26
FN:1048,anonymous_27
FN:1049,anonymous_28
FNDA:1,anonymous_0
FNDA:1,anonymous_1
FNDA:0,anonymous_2
FNDA:1,loadTestData
FNDA:1,cmdData.run_after
FNDA:2,cmdData.run_before.cmdData.run_after
FNDA:2,cmdData.run_before.cmdData.run_after
FNDA:2,cmdData.run_before.cmdData.run_after
FNDA:2,cmdData.run_before.cmdData.run_after
FNDA:1,cmdData.run_before
FNDA:1,cmdData.run_after
FNDA:1,cmdData.run_before
FNDA:1,cmdData.run_after
FNDA:2,cmdData.run_before.cmdData.run_after
FNDA:2,cmdData.run_before.cmdData.run_after
FNDA:1,cmdData.run_before
FNDA:1,cmdData.run_after
FNDA:1,cmdData.run_before
FNDA:1,cmdData.run_after
FNDA:8,nodeRunner
FNDA:35,anonymous_20
FNDA:35,anonymous_21
FNDA:0,defRunner
FNDA:35,makeTest
FNDA:35,getCmdOutput
FNDA:35,anonymous_25
FNDA:35,anonymous_26
FNDA:4,anonymous_27
FNDA:4,anonymous_28
FNF:29
FNH:28
BRDA:1,0,0,1
BRDA:81,1,0,1
BRDA:98,2,0,0
BRDA:88,3,0,1
BRDA:117,4,0,1
BRDA:227,5,0,1
BRDA:533,6,0,2
BRDA:554,7,0,2
BRDA:577,8,0,2
BRDA:601,9,0,2
BRDA:622,10,0,1
BRDA:625,11,0,1
BRDA:646,12,0,1
BRDA:649,13,0,1
BRDA:674,14,0,2
BRDA:695,15,0,2
BRDA:716,16,0,1
BRDA:719,17,0,1
BRDA:740,18,0,1
BRDA:743,19,0,1
BRDA:897,20,0,1
BRDA:899,21,0,8
BRDA:900,22,0,8
BRDA:901,23,0,35
BRDA:902,24,0,35
BRDA:968,25,0,35
BRDA:976,26,0,0
BRDA:978,27,0,10
BRDA:982,28,0,31
BRDA:992,29,0,11
BRDA:993,30,0,0
BRDA:1032,31,0,35
BRDA:1046,32,0,4
BRDA:1058,33,0,31
BRDA:1036,34,0,35
BRDA:1042,35,0,0
BRDA:1038,36,0,35
BRDA:1048,37,0,4
BRDA:1053,38,0,0
BRDA:1049,39,0,4
BRF:40
BRH:35
DA:1,1
DA:2,1
DA:3,1
DA:4,1
DA:5,1
DA:6,1
DA:7,1
DA:8,1
DA:9,1
DA:10,1
DA:11,1
DA:12,1
DA:13,1
DA:14,1
DA:15,1
DA:16,1
DA:17,1
DA:18,1
DA:19,1
DA:20,1
DA:21,1
DA:22,1
DA:23,1
DA:24,1
DA:25,1
DA:26,1
DA:27,1
DA:28,1
DA:29,1
DA:30,1
DA:31,1
DA:32,1
DA:33,1
DA:34,1
DA:35,1
DA:36,1
DA:37,1
DA:38,1
DA:39,1
DA:40,1
DA:41,1
DA:42,1
DA:43,1
DA:44,1
DA:45,1
DA:46,1
DA:47,1
DA:48,1
DA:49,1
DA:50,1
DA:51,1
DA:52,1
DA:53,1
DA:54,1
DA:55,1
DA:56,1
DA:57,1
DA:58,1
DA:59,1
DA:60,1
DA:61,1
DA:62,1
DA:63,1
DA:64,1
DA:65,1
DA:66,1
DA:67,1
DA:68,1
DA:69,1
DA:70,1
DA:71,1
DA:72,1
DA:73,1
DA:74,1
DA:75,1
DA:76,1
DA:77,1
DA:78,1
DA:79,1
DA:80,1
DA:81,1
DA:82,1
DA:83,1
DA:84,1
DA:85,1
DA:86,1
DA:87,1
DA:88,1
DA:89,1
DA:90,1
DA:91,1
DA:92,1
DA:93,1
DA:94,0
DA:95,0
DA:96,0
DA:97,1
DA:98,1
DA:99,0
DA:100,0
DA:101,0
DA:102,0
DA:103,1
DA:104,1
DA:105,1
DA:106,1
DA:107,1
DA:108,1
DA:109,1
DA:110,1
DA:111,1
DA:112,1
DA:113,1
DA:114,1
DA:115,1
DA:116,1
DA:117,1
DA:118,1
DA:119,1
DA:120,1
DA:121,1
DA:122,1
DA:123,1
DA:124,1
DA:125,1
DA:126,1
DA:127,1
DA:128,1
DA:129,1
DA:130,1
DA:131,1
DA:132,1
DA:133,1
DA:134,1
DA:135,1
DA:136,1
DA:137,1
DA:138,1
DA:139,1
DA:140,1
DA:141,1
DA:142,1
DA:143,1
DA:144,1
DA:145,1
DA:146,1
DA:147,1
DA:148,1
DA:149,1
DA:150,1
DA:151,1
DA:152,1
DA:153,1
DA:154,1
DA:155,1
DA:156,1
DA:157,1
DA:158,1
DA:159,1
DA:160,1
DA:161,1
DA:162,1
DA:163,1
DA:164,1
DA:165,1
DA:166,1
DA:167,1
DA:168,1
DA:169,1
DA:170,1
DA:171,1
DA:172,1
DA:173,1
DA:174,1
DA:175,1
DA:176,1
DA:177,1
DA:178,1
DA:179,1
DA:180,1
DA:181,1
DA:182,1
DA:183,1
DA:184,1
DA:185,1
DA:186,1
DA:187,1
DA:188,1
DA:189,1
DA:190,1
DA:191,1
DA:192,1
DA:193,1
DA:194,1
DA:195,1
DA:196,1
DA:197,1
DA:198,1
DA:199,1
DA:200,1
DA:201,1
DA:202,1
DA:203,1
DA:204,1
DA:205,1
DA:206,1
DA:207,1
DA:208,1
DA:209,1
DA:210,1
DA:211,1
DA:212,1
DA:213,1
DA:214,1
DA:215,1
DA:216,1
DA:217,1
DA:218,1
DA:219,1
DA:220,1
DA:221,1
DA:222,1
DA:223,1
DA:224,1
DA:225,1
DA:226,1
DA:227,1
DA:228,1
DA:229,1
DA:230,1
DA:231,1
DA:232,1
DA:233,1
DA:234,1
DA:235,1
DA:236,1
DA:237,1
DA:238,1
DA:239,1
DA:240,1
DA:241,1
DA:242,1
DA:243,1
DA:244,1
DA:245,1
DA:246,1
DA:247,1
DA:248,1
DA:249,1
DA:250,1
DA:251,1
DA:252,1
DA:253,1
DA:254,1
DA:255,1
DA:256,1
DA:257,1
DA:258,1
DA:259,1
DA:260,1
DA:261,1
DA:262,1
DA:263,1
DA:264,1
DA:265,1
DA:266,1
DA:267,1
DA:268,1
DA:269,1
DA:270,1
DA:271,1
DA:272,1
DA:273,1
DA:274,1
DA:275,1
DA:276,1
DA:277,1
DA:278,1
DA:279,1
DA:280,1
DA:281,1
DA:282,1
DA:283,1
DA:284,1
DA:285,1
DA:286,1
DA:287,1
DA:288,1
DA:289,1
DA:290,1
DA:291,1
DA:292,1
DA:293,1
DA:294,1
DA:295,1
DA:296,1
DA:297,1
DA:298,1
DA:299,1
DA:300,1
DA:301,1
DA:302,1
DA:303,1
DA:304,1
DA:305,1
DA:306,1
DA:307,1
DA:308,1
DA:309,1
DA:310,1
DA:311,1
DA:312,1
DA:313,1
DA:314,1
DA:315,1
DA:316,1
DA:317,1
DA:318,1
DA:319,1
DA:320,1
DA:321,1
DA:322,1
DA:323,1
DA:324,1
DA:325,1
DA:326,1
DA:327,1
DA:328,1
DA:329,1
DA:330,1
DA:331,1
DA:332,1
DA:333,1
DA:334,1
DA:335,1
DA:336,1
DA:337,1
DA:338,1
DA:339,1
DA:340,1
DA:341,1
DA:342,1
DA:343,1
DA:344,1
DA:345,1
DA:346,1
DA:347,1
DA:348,1
DA:349,1
DA:350,1
DA:351,1
DA:352,1
DA:353,1
DA:354,1
DA:355,1
DA:356,1
DA:357,1
DA:358,1
DA:359,1
DA:360,1
DA:361,1
DA:362,1
DA:363,1
DA:364,1
DA:365,1
DA:366,1
DA:367,1
DA:368,1
DA:369,1
DA:370,1
DA:371,1
DA:372,1
DA:373,1
DA:374,1
DA:375,1
DA:376,1
DA:377,1
DA:378,1
DA:379,1
DA:380,1
DA:381,1
DA:382,1
DA:383,1
DA:384,1
DA:385,1
DA:386,1
DA:387,1
DA:388,1
DA:389,1
DA:390,1
DA:391,1
DA:392,1
DA:393,1
DA:394,1
DA:395,1
DA:396,1
DA:397,1
DA:398,1
DA:399,1
DA:400,1
DA:401,1
DA:402,1
DA:403,1
DA:404,1
DA:405,1
DA:406,1
DA:407,1
DA:408,1
DA:409,1
DA:410,1
DA:411,1
DA:412,1
DA:413,1
DA:414,1
DA:415,1
DA:416,1
DA:417,1
DA:418,1
DA:419,1
DA:420,1
DA:421,1
DA:422,1
DA:423,1
DA:424,1
DA:425,1
DA:426,1
DA:427,1
DA:428,1
DA:429,1
DA:430,1
DA:431,1
DA:432,1
DA:433,1
DA:434,1
DA:435,1
DA:436,1
DA:437,1
DA:438,1
DA:439,1
DA:440,1
DA:441,1
DA:442,1
DA:443,1
DA:444,1
DA:445,1
DA:446,1
DA:447,1
DA:448,1
DA:449,1
DA:450,1
DA:451,1
DA:452,1
DA:453,1
DA:454,1
DA:455,1
DA:456,1
DA:457,1
DA:458,1
DA:459,1
DA:460,1
DA:461,1
DA:462,1
DA:463,1
DA:464,1
DA:465,1
DA:466,1
DA:467,1
DA:468,1
DA:469,1
DA:470,1
DA:471,1
DA:472,1
DA:473,1
DA:474,1
DA:475,1
DA:476,1
DA:477,1
DA:478,1
DA:479,1
DA:480,1
DA:481,1
DA:482,1
DA:483,1
DA:484,1
DA:485,1
DA:486,1
DA:487,1
DA:488,1
DA:489,1
DA:490,1
DA:491,1
DA:492,1
DA:493,1
DA:494,1
DA:495,1
DA:496,1
DA:497,1
DA:498,1
DA:499,1
DA:500,1
DA:501,1
DA:502,1
DA:503,1
DA:504,1
DA:505,1
DA:506,1
DA:507,1
DA:508,1
DA:509,1
DA:510,1
DA:511,1
DA:512,1
DA:513,1
DA:514,1
DA:515,1
DA:516,1
DA:517,1
DA:518,1
DA:519,1
DA:520,1
DA:521,1
DA:522,1
DA:523,1
DA:524,1
DA:525,1
DA:526,1
DA:527,1
DA:528,1
DA:529,1
DA:530,1
DA:531,1
DA:532,1
DA:533,1
DA:534,2
DA:535,2
DA:536,1
DA:537,1
DA:538,1
DA:539,1
DA:540,1
DA:541,1
DA:542,1
DA:543,1
DA:544,1
DA:545,1
DA:546,1
DA:547,1
DA:548,1
DA:549,1
DA:550,1
DA:551,1
DA:552,1
DA:553,1
DA:554,1
DA:555,2
DA:556,2
DA:557,1
DA:558,1
DA:559,1
DA:560,1
DA:561,1
DA:562,1
DA:563,1
DA:564,1
DA:565,1
DA:566,1
DA:567,1
DA:568,1
DA:569,1
DA:570,1
DA:571,1
DA:572,1
DA:573,1
DA:574,1
DA:575,1
DA:576,1
DA:577,1
DA:578,2
DA:579,2
DA:580,1
DA:581,1
DA:582,1
DA:583,1
DA:584,1
DA:585,1
DA:586,1
DA:587,1
DA:588,1
DA:589,1
DA:590,1
DA:591,1
DA:592,1
DA:593,1
DA:594,1
DA:595,1
DA:596,1
DA:597,1
DA:598,1
DA:599,1
DA:600,1
DA:601,1
DA:602,2
DA:603,2
DA:604,1
DA:605,1
DA:606,1
DA:607,1
DA:608,1
DA:609,1
DA:610,1
DA:611,1
DA:612,1
DA:613,1
DA:614,1
DA:615,1
DA:616,1
DA:617,1
DA:618,1
DA:619,1
DA:620,1
DA:621,1
DA:622,1
DA:623,1
DA:624,1
DA:625,1
DA:626,1
DA:627,1
DA:628,1
DA:629,1
DA:630,1
DA:631,1
DA:632,1
DA:633,1
DA:634,1
DA:635,1
DA:636,1
DA:637,1
DA:638,1
DA:639,1
DA:640,1
DA:641,1
DA:642,1
DA:643,1
DA:644,1
DA:645,1
DA:646,1
DA:647,1
DA:648,1
DA:649,1
DA:650,1
DA:651,1
DA:652,1
DA:653,1
DA:654,1
DA:655,1
DA:656,1
DA:657,1
DA:658,1
DA:659,1
DA:660,1
DA:661,1
DA:662,1
DA:663,1
DA:664,1
DA:665,1
DA:666,1
DA:667,1
DA:668,1
DA:669,1
DA:670,1
DA:671,1
DA:672,1
DA:673,1
DA:674,1
DA:675,2
DA:676,2
DA:677,1
DA:678,1
DA:679,1
DA:680,1
DA:681,1
DA:682,1
DA:683,1
DA:684,1
DA:685,1
DA:686,1
DA:687,1
DA:688,1
DA:689,1
DA:690,1
DA:691,1
DA:692,1
DA:693,1
DA:694,1
DA:695,1
DA:696,2
DA:697,2
DA:698,1
DA:699,1
DA:700,1
DA:701,1
DA:702,1
DA:703,1
DA:704,1
DA:705,1
DA:706,1
DA:707,1
DA:708,1
DA:709,1
DA:710,1
DA:711,1
DA:712,1
DA:713,1
DA:714,1
DA:715,1
DA:716,1
DA:717,1
DA:718,1
DA:719,1
DA:720,1
DA:721,1
DA:722,1
DA:723,1
DA:724,1
DA:725,1
DA:726,1
DA:727,1
DA:728,1
DA:729,1
DA:730,1
DA:731,1
DA:732,1
DA:733,1
DA:734,1
DA:735,1
DA:736,1
DA:737,1
DA:738,1
DA:739,1
DA:740,1
DA:741,1
DA:742,1
DA:743,1
DA:744,1
DA:745,1
DA:746,1
DA:747,1
DA:748,1
DA:749,1
DA:750,1
DA:751,1
DA:752,1
DA:753,1
DA:754,1
DA:755,1
DA:756,1
DA:757,1
DA:758,1
DA:759,1
DA:760,1
DA:761,1
DA:762,1
DA:763,1
DA:764,1
DA:765,1
DA:766,1
DA:767,1
DA:768,1
DA:769,1
DA:770,1
DA:771,1
DA:772,1
DA:773,1
DA:774,1
DA:775,1
DA:776,1
DA:777,1
DA:778,1
DA:779,1
DA:780,1
DA:781,1
DA:782,1
DA:783,1
DA:784,1
DA:785,1
DA:786,1
DA:787,1
DA:788,1
DA:789,1
DA:790,1
DA:791,1
DA:792,1
DA:793,1
DA:794,1
DA:795,1
DA:796,1
DA:797,1
DA:798,1
DA:799,1
DA:800,1
DA:801,1
DA:802,1
DA:803,1
DA:804,1
DA:805,1
DA:806,1
DA:807,1
DA:808,1
DA:809,1
DA:810,1
DA:811,1
DA:812,1
DA:813,1
DA:814,1
DA:815,1
DA:816,1
DA:817,1
DA:818,1
DA:819,1
DA:820,1
DA:821,1
DA:822,1
DA:823,1
DA:824,1
DA:825,1
DA:826,1
DA:827,1
DA:828,1
DA:829,1
DA:830,1
DA:831,1
DA:832,1
DA:833,1
DA:834,1
DA:835,1
DA:836,1
DA:837,1
DA:838,1
DA:839,1
DA:840,1
DA:841,1
DA:842,1
DA:843,1
DA:844,1
DA:845,1
DA:846,1
DA:847,1
DA:848,1
DA:849,1
DA:850,1
DA:851,1
DA:852,1
DA:853,1
DA:854,1
DA:855,1
DA:856,1
DA:857,1
DA:858,1
DA:859,1
DA:860,1
DA:861,1
DA:862,1
DA:863,1
DA:864,1
DA:865,1
DA:866,1
DA:867,1
DA:868,1
DA:869,1
DA:870,1
DA:871,1
DA:872,1
DA:873,1
DA:874,1
DA:875,1
DA:876,1
DA:877,1
DA:878,1
DA:879,1
DA:880,1
DA:881,1
DA:882,1
DA:883,1
DA:884,1
DA:885,1
DA:886,1
DA:887,1
DA:888,1
DA:889,1
DA:890,1
DA:891,1
DA:892,1
DA:893,1
DA:894,1
DA:895,1
DA:896,1
DA:897,1
DA:898,1
DA:899,1
DA:900,8
DA:901,8
DA:902,35
DA:903,35
DA:904,35
DA:905,35
DA:906,8
DA:907,8
DA:908,1
DA:909,1
DA:910,1
DA:950,1
DA:951,1
DA:952,1
DA:953,1
DA:954,1
DA:955,1
DA:956,1
DA:957,1
DA:958,1
DA:959,1
DA:960,1
DA:961,1
DA:962,1
DA:963,1
DA:964,1
DA:965,1
DA:966,1
DA:967,1
DA:968,35
DA:969,35
DA:970,35
DA:971,35
DA:972,35
DA:973,35
DA:974,35
DA:975,35
DA:976,35
DA:977,35
DA:978,35
DA:979,35
DA:980,35
DA:981,35
DA:982,35
DA:983,31
DA:984,31
DA:985,31
DA:986,35
DA:987,35
DA:988,35
DA:989,35
DA:990,35
DA:991,35
DA:992,35
DA:993,35
DA:994,0
DA:995,0
DA:996,0
DA:997,0
DA:998,0
DA:999,0
DA:1000,0
DA:1001,0
DA:1002,0
DA:1003,0
DA:1004,0
DA:1005,0
DA:1006,0
DA:1007,0
DA:1008,0
DA:1009,0
DA:1010,0
DA:1011,0
DA:1012,0
DA:1013,0
DA:1014,35
DA:1015,1
DA:1016,1
DA:1017,1
DA:1018,1
DA:1019,1
DA:1020,1
DA:1021,1
DA:1022,1
DA:1023,1
DA:1024,1
DA:1025,1
DA:1026,1
DA:1027,1
DA:1028,1
DA:1029,1
DA:1030,1
DA:1031,1
DA:1032,35
DA:1033,35
DA:1034,35
DA:1035,35
DA:1036,35
DA:1037,35
DA:1038,35
DA:1039,35
DA:1040,35
DA:1041,35
DA:1042,35
DA:1043,35
DA:1044,35
DA:1045,35
DA:1046,35
DA:1047,4
DA:1048,4
DA:1049,4
DA:1050,4
DA:1051,4
DA:1052,4
DA:1053,4
DA:1054,4
DA:1055,4
DA:1056,4
DA:1057,4
DA:1058,4
DA:1059,31
DA:1060,31
DA:1061,35
LH:1034
LF:1061
end_of_record
